     [java] http://safe-everglades-33716.herokuapp.com/ws/people?wsdl
     [java] 
     [java] --------------------Task1: readPersonList() --------------------
     [java] 
     [java] 
     [java]  ==> PersonId: 3
     [java]  ==> Firstname: Jon
     [java]  ==> Lastname: Metal
     [java]  ==> Birthdate: 1944-12-31T23:00:00Z
     [java]  ==> Email: jj.norris@gmail.com
     [java]  ==> Username: jj.norris
     [java]  ==> Current Health Profile:
     [java] 
     [java] 	  Measure 1
     [java] 	 ==> Mid: 1034
     [java] 	 ==> Date Registered: 2016-11-28T23:00:00Z
     [java] 	 ==> Measure Value: 10
     [java] 	 ==> Measure Type: height
     [java] 	 ==> Measure Value Type: double
     [java] 
     [java] 	  Measure 2
     [java] 	 ==> Mid: 1084
     [java] 	 ==> Date Registered: 2016-11-28T23:00:00Z
     [java] 	 ==> Measure Value: 70
     [java] 	 ==> Measure Type: steps
     [java] 	 ==> Measure Value Type: integer
     [java] 
     [java] 
     [java] 
     [java]  ==> PersonId: 1156
     [java]  ==> Firstname: Jim
     [java]  ==> Lastname: Wood
     [java]  ==> Birthdate: 1944-12-31T23:00:00Z
     [java]  ==> Email: jj.norris@gmail.com
     [java]  ==> Username: jj.norris
     [java]  ==> Current Health Profile:
     [java] 
     [java] 	  Measure 1
     [java] 	 ==> Mid: 1185
     [java] 	 ==> Date Registered: 2016-11-28T23:00:00Z
     [java] 	 ==> Measure Value: 12
     [java] 	 ==> Measure Type: height
     [java] 	 ==> Measure Value Type: double
     [java] 
     [java] 
     [java] 
     [java] --------------------Task2: readPerson(3)--------------------
     [java] 
     [java] 
     [java]  ==> PersonId: 3
     [java]  ==> Firstname: Jon
     [java]  ==> Lastname: Metal
     [java]  ==> Birthdate: 1944-12-31T23:00:00Z
     [java]  ==> Email: jj.norris@gmail.com
     [java]  ==> Username: jj.norris
     [java]  ==> Current Health Profile:
     [java] 
     [java] 	  Measure 1
     [java] 	 ==> Mid: 1034
     [java] 	 ==> Date Registered: 2016-11-28T23:00:00Z
     [java] 	 ==> Measure Value: 10
     [java] 	 ==> Measure Type: height
     [java] 	 ==> Measure Value Type: double
     [java] 
     [java] 	  Measure 2
     [java] 	 ==> Mid: 1084
     [java] 	 ==> Date Registered: 2016-11-28T23:00:00Z
     [java] 	 ==> Measure Value: 70
     [java] 	 ==> Measure Type: steps
     [java] 	 ==> Measure Value Type: integer
     [java] 
     [java] 
     [java] 
     [java] -------------------- Task3: updatePerson(Person p) ----------------------------
     [java] 
     [java] Updating first name of Jon.
     [java] 
     [java] 
     [java]  ==> PersonId: 3
     [java]  ==> Firstname: Jon jr.
     [java]  ==> Lastname: Metal
     [java]  ==> Birthdate: 1944-12-31T23:00:00Z
     [java]  ==> Email: jj.norris@gmail.com
     [java]  ==> Username: jj.norris
     [java]  ==> Current Health Profile:
     [java] 
     [java] 	  Measure 1
     [java] 	 ==> Mid: 1034
     [java] 	 ==> Date Registered: 2016-11-28T23:00:00Z
     [java] 	 ==> Measure Value: 10
     [java] 	 ==> Measure Type: height
     [java] 	 ==> Measure Value Type: double
     [java] 
     [java] 	  Measure 2
     [java] 	 ==> Mid: 1084
     [java] 	 ==> Date Registered: 2016-11-28T23:00:00Z
     [java] 	 ==> Measure Value: 70
     [java] 	 ==> Measure Type: steps
     [java] 	 ==> Measure Value Type: integer
     [java] 
     [java] 
     [java] 
     [java] -------------------- Task4: createPerson(Person p) ----------------------------
     [java] 
     [java] Adding a new person with firstname Jim.
     [java] 
     [java] 
     [java]  ==> PersonId: 1506
     [java]  ==> Firstname: Jim
     [java]  ==> Lastname: Metal
     [java]  ==> Birthdate: 1944-12-31T23:00:00Z
     [java]  ==> Email: jj.norris@gmail.com
     [java]  ==> Username: jj.norris
     [java]  ==> Current Health Profile:
     [java] 
     [java] 	  Measure 1
     [java] 	 ==> Mid: 1384
     [java] 	 ==> Date Registered: 2016-11-28T23:00:00Z
     [java] 	 ==> Measure Value: 10
     [java] 	 ==> Measure Type: height
     [java] 	 ==> Measure Value Type: double
     [java] 
     [java] 	  Measure 2
     [java] 	 ==> Mid: 1385
     [java] 	 ==> Date Registered: 2016-11-28T23:00:00Z
     [java] 	 ==> Measure Value: 70
     [java] 	 ==> Measure Type: steps
     [java] 	 ==> Measure Value Type: integer
     [java] 
     [java] 
     [java] 
     [java] -------------------- Task5: deletePerson(1506) ----------------------------
     [java] 
     [java] Deleting the person added in step 4 having new id: 1506
     [java] 
     [java] Running readPerson(1506):
     [java] 	Person not found.
     [java] 
     [java] -------------------- Task6: readPersonHistory(3,steps) ----------------------------
     [java] 
     [java] Measure 1: 
     [java] 	 ==> Mid: 153
     [java] 	 ==> Date Registered: 2016-11-28T23:00:00Z
     [java] 	 ==> Measure Value: 333
     [java] 	 ==> Measure Type: steps
     [java] 	 ==> Measure Value Type: integer
     [java] 
     [java] Measure 2: 
     [java] 	 ==> Mid: 203
     [java] 	 ==> Date Registered: 2016-11-28T23:00:00Z
     [java] 	 ==> Measure Value: 11
     [java] 	 ==> Measure Type: steps
     [java] 	 ==> Measure Value Type: integer
     [java] 
     [java] 
     [java] -------------------- Task7: readMeasureTypes() ----------------------------
     [java] 
     [java] Measure Types:
     [java] 	weight
     [java] 	height
     [java] 	steps
     [java] 	bloodpressure
     [java] 	heartrate
     [java] 	bmi
     [java] 
     [java] 
     [java] -------------------- Task8: readPersonMeasure(3, steps , 153) ----------------------------
     [java] 
     [java] Measure with mid 153:
     [java] 
     [java] 	 ==> Mid: 153
     [java] 	 ==> Date Registered: 2016-11-28T23:00:00Z
     [java] 	 ==> Measure Value: 333
     [java] 	 ==> Measure Type: steps
     [java] 	 ==> Measure Value Type: integer
     [java] 
     [java] 
     [java] -------------------- Task9: savePersonMeasure(3, measure) ----------------------------
     [java] 
     [java] Adding/Replacing measure of type steps to person having id: 3
     [java] 
     [java] 
     [java]  ==> PersonId: 3
     [java]  ==> Firstname: Jon jr.
     [java]  ==> Lastname: Metal
     [java]  ==> Birthdate: 1944-12-31T23:00:00Z
     [java]  ==> Email: jj.norris@gmail.com
     [java]  ==> Username: jj.norris
     [java]  ==> Current Health Profile:
     [java] 
     [java] 	  Measure 1
     [java] 	 ==> Mid: 1034
     [java] 	 ==> Date Registered: 2016-11-28T23:00:00Z
     [java] 	 ==> Measure Value: 10
     [java] 	 ==> Measure Type: height
     [java] 	 ==> Measure Value Type: double
     [java] 
     [java] 	  Measure 2
     [java] 	 ==> Mid: 1386
     [java] 	 ==> Date Registered: 2016-12-03T19:30:38.671Z
     [java] 	 ==> Measure Value: 3331
     [java] 	 ==> Measure Type: steps
     [java] 	 ==> Measure Value Type: integer
     [java] 
     [java] 
     [java] 
     [java] -------------------- Task10: updatePersonMeasure(3, measure) ----------------------------
     [java] 
     [java] Updating measure with mid: 1034 of person having id: 3
     [java] 
     [java] 
     [java]  ==> PersonId: 3
     [java]  ==> Firstname: Jon jr.
     [java]  ==> Lastname: Metal
     [java]  ==> Birthdate: 1944-12-31T23:00:00Z
     [java]  ==> Email: jj.norris@gmail.com
     [java]  ==> Username: jj.norris
     [java]  ==> Current Health Profile:
     [java] 
     [java] 	  Measure 1
     [java] 	 ==> Mid: 1034
     [java] 	 ==> Date Registered: 2016-11-28T23:00:00Z
     [java] 	 ==> Measure Value: 101
     [java] 	 ==> Measure Type: height
     [java] 	 ==> Measure Value Type: double
     [java] 
     [java] 	  Measure 2
     [java] 	 ==> Mid: 1386
     [java] 	 ==> Date Registered: 2016-12-03T19:30:38.671Z
     [java] 	 ==> Measure Value: 3331
     [java] 	 ==> Measure Type: steps
     [java] 	 ==> Measure Value Type: integer
     [java] 
     [java] 
